<?xml version="1.0" encoding="UTF-8"?>
<coverage generated="1748611401925" clover="3.2.0">
  <project timestamp="1748611401925" name="All files">
    <metrics statements="48" coveredstatements="45" conditionals="24" coveredconditionals="19" methods="15" coveredmethods="13" elements="87" coveredelements="77" complexity="0" loc="48" ncloc="48" packages="5" files="8" classes="8"/>
    <package name="src">
      <metrics statements="1" coveredstatements="0" conditionals="0" coveredconditionals="0" methods="1" coveredmethods="0"/>
      <file name="App.tsx" path="E:\test-task\vite-project\vk-project\src\App.tsx">
        <metrics statements="1" coveredstatements="0" conditionals="0" coveredconditionals="0" methods="1" coveredmethods="0"/>
        <line num="4" count="0" type="stmt"/>
      </file>
      <file name="vite-env.d.ts" path="E:\test-task\vite-project\vk-project\src\vite-env.d.ts">
        <metrics statements="0" coveredstatements="0" conditionals="0" coveredconditionals="0" methods="0" coveredmethods="0"/>
      </file>
    </package>
    <package name="src.components.Form">
      <metrics statements="17" coveredstatements="16" conditionals="14" coveredconditionals="12" methods="4" coveredmethods="4"/>
      <file name="Form.tsx" path="E:\test-task\vite-project\vk-project\src\components\Form\Form.tsx">
        <metrics statements="16" coveredstatements="15" conditionals="14" coveredconditionals="12" methods="4" coveredmethods="4"/>
        <line num="13" count="2" type="stmt"/>
        <line num="18" count="5" type="stmt"/>
        <line num="20" count="5" type="stmt"/>
        <line num="21" count="5" type="stmt"/>
        <line num="23" count="5" type="cond" truecount="1" falsecount="1"/>
        <line num="25" count="5" type="stmt"/>
        <line num="26" count="2" type="stmt"/>
        <line num="27" count="2" type="stmt"/>
        <line num="29" count="2" type="stmt"/>
        <line num="30" count="2" type="stmt"/>
        <line num="32" count="0" type="stmt"/>
        <line num="34" count="2" type="stmt"/>
        <line num="35" count="1" type="stmt"/>
        <line num="36" count="1" type="stmt"/>
        <line num="41" count="5" type="stmt"/>
        <line num="49" count="30" type="stmt"/>
      </file>
      <file name="validFormInformation.ts" path="E:\test-task\vite-project\vk-project\src\components\Form\validFormInformation.ts">
        <metrics statements="1" coveredstatements="1" conditionals="0" coveredconditionals="0" methods="0" coveredmethods="0"/>
        <line num="3" count="2" type="stmt"/>
      </file>
    </package>
    <package name="src.components.Table">
      <metrics statements="29" coveredstatements="28" conditionals="10" coveredconditionals="7" methods="10" coveredmethods="9"/>
      <file name="Table.tsx" path="E:\test-task\vite-project\vk-project\src\components\Table\Table.tsx">
        <metrics statements="29" coveredstatements="28" conditionals="10" coveredconditionals="7" methods="10" coveredmethods="9"/>
        <line num="11" count="1" type="stmt"/>
        <line num="12" count="11" type="stmt"/>
        <line num="13" count="11" type="stmt"/>
        <line num="14" count="11" type="stmt"/>
        <line num="15" count="11" type="stmt"/>
        <line num="16" count="11" type="stmt"/>
        <line num="17" count="11" type="stmt"/>
        <line num="20" count="11" type="stmt"/>
        <line num="21" count="11" type="stmt"/>
        <line num="23" count="11" type="stmt"/>
        <line num="24" count="4" type="cond" truecount="1" falsecount="1"/>
        <line num="25" count="4" type="stmt"/>
        <line num="26" count="4" type="stmt"/>
        <line num="30" count="11" type="stmt"/>
        <line num="31" count="4" type="stmt"/>
        <line num="32" count="4" type="stmt"/>
        <line num="38" count="3" type="stmt"/>
        <line num="39" count="3" type="stmt"/>
        <line num="40" count="3" type="cond" truecount="2" falsecount="0"/>
        <line num="41" count="1" type="stmt"/>
        <line num="44" count="1" type="stmt"/>
        <line num="48" count="11" type="cond" truecount="2" falsecount="0"/>
        <line num="49" count="1" type="stmt"/>
        <line num="51" count="10" type="stmt"/>
        <line num="55" count="1" type="stmt"/>
        <line num="68" count="60" type="stmt"/>
        <line num="78" count="4" type="stmt"/>
        <line num="81" count="24" type="stmt"/>
        <line num="95" count="0" type="stmt"/>
      </file>
    </package>
    <package name="src.data">
      <metrics statements="1" coveredstatements="1" conditionals="0" coveredconditionals="0" methods="0" coveredmethods="0"/>
      <file name="columns.ts" path="E:\test-task\vite-project\vk-project\src\data\columns.ts">
        <metrics statements="1" coveredstatements="1" conditionals="0" coveredconditionals="0" methods="0" coveredmethods="0"/>
        <line num="3" count="2" type="stmt"/>
      </file>
    </package>
    <package name="src.types">
      <metrics statements="0" coveredstatements="0" conditionals="0" coveredconditionals="0" methods="0" coveredmethods="0"/>
      <file name="user.ts" path="E:\test-task\vite-project\vk-project\src\types\user.ts">
        <metrics statements="0" coveredstatements="0" conditionals="0" coveredconditionals="0" methods="0" coveredmethods="0"/>
      </file>
      <file name="valid.ts" path="E:\test-task\vite-project\vk-project\src\types\valid.ts">
        <metrics statements="0" coveredstatements="0" conditionals="0" coveredconditionals="0" methods="0" coveredmethods="0"/>
      </file>
    </package>
  </project>
</coverage>
