{"E:\\test-task\\vite-project\\vk-project\\src\\App.tsx": {"path":"E:\\test-task\\vite-project\\vk-project\\src\\App.tsx","statementMap":{"0":{"start":{"line":4,"column":2},"end":{"line":4,"column":19}}},"fnMap":{"0":{"name":"App","decl":{"start":{"line":3,"column":9},"end":{"line":3,"column":12}},"loc":{"start":{"line":3,"column":15},"end":{"line":5,"column":1}},"line":3}},"branchMap":{},"s":{"0":0},"f":{"0":0},"b":{}}
,"E:\\test-task\\vite-project\\vk-project\\src\\vite-env.d.ts": {"path":"E:\\test-task\\vite-project\\vk-project\\src\\vite-env.d.ts","statementMap":{},"fnMap":{},"branchMap":{},"s":{},"f":{},"b":{}}
,"E:\\test-task\\vite-project\\vk-project\\src\\components\\Form\\Form.tsx": {"path":"E:\\test-task\\vite-project\\vk-project\\src\\components\\Form\\Form.tsx","statementMap":{"0":{"start":{"line":13,"column":13},"end":{"line":112,"column":1}},"1":{"start":{"line":18,"column":6},"end":{"line":18,"column":29}},"2":{"start":{"line":20,"column":42},"end":{"line":20,"column":57}},"3":{"start":{"line":21,"column":50},"end":{"line":21,"column":65}},"4":{"start":{"line":23,"column":2},"end":{"line":23,"column":27}},"5":{"start":{"line":23,"column":15},"end":{"line":23,"column":27}},"6":{"start":{"line":25,"column":19},"end":{"line":39,"column":3}},"7":{"start":{"line":26,"column":4},"end":{"line":26,"column":27}},"8":{"start":{"line":27,"column":4},"end":{"line":27,"column":30}},"9":{"start":{"line":29,"column":4},"end":{"line":38,"column":5}},"10":{"start":{"line":30,"column":6},"end":{"line":30,"column":54}},"11":{"start":{"line":32,"column":6},"end":{"line":32,"column":37}},"12":{"start":{"line":34,"column":6},"end":{"line":37,"column":15}},"13":{"start":{"line":35,"column":8},"end":{"line":35,"column":35}},"14":{"start":{"line":36,"column":8},"end":{"line":36,"column":30}},"15":{"start":{"line":41,"column":2},"end":{"line":111,"column":4}},"16":{"start":{"line":49,"column":8},"end":{"line":93,"column":10}}},"fnMap":{"0":{"name":"(anonymous_0)","decl":{"start":{"line":13,"column":13},"end":{"line":13,"column":14}},"loc":{"start":{"line":13,"column":50},"end":{"line":112,"column":1}},"line":13},"1":{"name":"(anonymous_1)","decl":{"start":{"line":25,"column":19},"end":{"line":25,"column":20}},"loc":{"start":{"line":25,"column":36},"end":{"line":39,"column":3}},"line":25},"2":{"name":"(anonymous_2)","decl":{"start":{"line":34,"column":17},"end":{"line":34,"column":18}},"loc":{"start":{"line":34,"column":23},"end":{"line":37,"column":7}},"line":34},"3":{"name":"(anonymous_3)","decl":{"start":{"line":48,"column":19},"end":{"line":48,"column":20}},"loc":{"start":{"line":48,"column":38},"end":{"line":94,"column":7}},"line":48}},"branchMap":{"0":{"loc":{"start":{"line":23,"column":2},"end":{"line":23,"column":27}},"type":"if","locations":[{"start":{"line":23,"column":2},"end":{"line":23,"column":27}},{"start":{},"end":{}}],"line":23},"1":{"loc":{"start":{"line":61,"column":20},"end":{"line":63,"column":58}},"type":"cond-expr","locations":[{"start":{"line":62,"column":24},"end":{"line":62,"column":59}},{"start":{"line":63,"column":24},"end":{"line":63,"column":58}}],"line":61},"2":{"loc":{"start":{"line":69,"column":20},"end":{"line":71,"column":26}},"type":"cond-expr","locations":[{"start":{"line":70,"column":24},"end":{"line":70,"column":65}},{"start":{"line":71,"column":24},"end":{"line":71,"column":26}}],"line":69},"3":{"loc":{"start":{"line":77,"column":20},"end":{"line":79,"column":26}},"type":"cond-expr","locations":[{"start":{"line":78,"column":24},"end":{"line":78,"column":65}},{"start":{"line":79,"column":24},"end":{"line":79,"column":26}}],"line":77},"4":{"loc":{"start":{"line":87,"column":13},"end":{"line":91,"column":13}},"type":"binary-expr","locations":[{"start":{"line":87,"column":13},"end":{"line":87,"column":36}},{"start":{"line":88,"column":14},"end":{"line":90,"column":20}}],"line":87},"5":{"loc":{"start":{"line":100,"column":9},"end":{"line":100,"column":56}},"type":"cond-expr","locations":[{"start":{"line":100,"column":28},"end":{"line":100,"column":42}},{"start":{"line":100,"column":45},"end":{"line":100,"column":56}}],"line":100},"6":{"loc":{"start":{"line":105,"column":7},"end":{"line":109,"column":7}},"type":"binary-expr","locations":[{"start":{"line":105,"column":7},"end":{"line":105,"column":19}},{"start":{"line":106,"column":8},"end":{"line":108,"column":12}}],"line":105}},"s":{"0":2,"1":5,"2":5,"3":5,"4":5,"5":0,"6":5,"7":2,"8":2,"9":2,"10":2,"11":0,"12":2,"13":1,"14":1,"15":5,"16":30},"f":{"0":5,"1":2,"2":1,"3":30},"b":{"0":[0,5],"1":[20,10],"2":[5,25],"3":[5,25],"4":[30,0],"5":[2,3],"6":[5,1]},"_coverageSchema":"1a1c01bbd47fc00a2c39e90264f33305004495a9","hash":"eec4b8a6cac50d33e19b2b65a324d07697e62871"}
,"E:\\test-task\\vite-project\\vk-project\\src\\components\\Form\\validFormInformation.ts": {"path":"E:\\test-task\\vite-project\\vk-project\\src\\components\\Form\\validFormInformation.ts","statementMap":{"0":{"start":{"line":3,"column":39},"end":{"line":36,"column":1}}},"fnMap":{},"branchMap":{},"s":{"0":2},"f":{},"b":{},"_coverageSchema":"1a1c01bbd47fc00a2c39e90264f33305004495a9","hash":"2c19c1292867c14d55f1bd48fd717ac60cdaf3f6"}
,"E:\\test-task\\vite-project\\vk-project\\src\\components\\Table\\Table.tsx": {"path":"E:\\test-task\\vite-project\\vk-project\\src\\components\\Table\\Table.tsx","statementMap":{"0":{"start":{"line":11,"column":14},"end":{"line":102,"column":1}},"1":{"start":{"line":12,"column":30},"end":{"line":12,"column":45}},"2":{"start":{"line":13,"column":28},"end":{"line":13,"column":49}},"3":{"start":{"line":14,"column":28},"end":{"line":14,"column":61}},"4":{"start":{"line":15,"column":26},"end":{"line":15,"column":37}},"5":{"start":{"line":16,"column":32},"end":{"line":16,"column":46}},"6":{"start":{"line":17,"column":18},"end":{"line":19,"column":4}},"7":{"start":{"line":20,"column":16},"end":{"line":20,"column":18}},"8":{"start":{"line":21,"column":22},"end":{"line":21,"column":35}},"9":{"start":{"line":23,"column":2},"end":{"line":28,"column":9}},"10":{"start":{"line":24,"column":4},"end":{"line":27,"column":5}},"11":{"start":{"line":25,"column":6},"end":{"line":25,"column":33}},"12":{"start":{"line":26,"column":6},"end":{"line":26,"column":18}},"13":{"start":{"line":30,"column":20},"end":{"line":46,"column":3}},"14":{"start":{"line":31,"column":4},"end":{"line":45,"column":5}},"15":{"start":{"line":32,"column":23},"end":{"line":37,"column":8}},"16":{"start":{"line":38,"column":6},"end":{"line":38,"column":69}},"17":{"start":{"line":38,"column":30},"end":{"line":38,"column":67}},"18":{"start":{"line":39,"column":6},"end":{"line":39,"column":34}},"19":{"start":{"line":39,"column":24},"end":{"line":39,"column":32}},"20":{"start":{"line":40,"column":6},"end":{"line":42,"column":7}},"21":{"start":{"line":41,"column":8},"end":{"line":41,"column":26}},"22":{"start":{"line":44,"column":6},"end":{"line":44,"column":34}},"23":{"start":{"line":48,"column":2},"end":{"line":50,"column":3}},"24":{"start":{"line":49,"column":4},"end":{"line":49,"column":42}},"25":{"start":{"line":51,"column":2},"end":{"line":101,"column":4}},"26":{"start":{"line":55,"column":57},"end":{"line":55,"column":72}},"27":{"start":{"line":68,"column":18},"end":{"line":72,"column":20}},"28":{"start":{"line":78,"column":16},"end":{"line":88,"column":18}},"29":{"start":{"line":81,"column":22},"end":{"line":85,"column":24}},"30":{"start":{"line":95,"column":51},"end":{"line":95,"column":67}}},"fnMap":{"0":{"name":"(anonymous_0)","decl":{"start":{"line":11,"column":14},"end":{"line":11,"column":15}},"loc":{"start":{"line":11,"column":20},"end":{"line":102,"column":1}},"line":11},"1":{"name":"(anonymous_1)","decl":{"start":{"line":23,"column":12},"end":{"line":23,"column":13}},"loc":{"start":{"line":23,"column":18},"end":{"line":28,"column":3}},"line":23},"2":{"name":"(anonymous_2)","decl":{"start":{"line":30,"column":20},"end":{"line":30,"column":21}},"loc":{"start":{"line":30,"column":32},"end":{"line":46,"column":3}},"line":30},"3":{"name":"(anonymous_3)","decl":{"start":{"line":38,"column":15},"end":{"line":38,"column":16}},"loc":{"start":{"line":38,"column":30},"end":{"line":38,"column":67}},"line":38},"4":{"name":"(anonymous_4)","decl":{"start":{"line":39,"column":14},"end":{"line":39,"column":15}},"loc":{"start":{"line":39,"column":24},"end":{"line":39,"column":32}},"line":39},"5":{"name":"(anonymous_5)","decl":{"start":{"line":55,"column":51},"end":{"line":55,"column":52}},"loc":{"start":{"line":55,"column":57},"end":{"line":55,"column":72}},"line":55},"6":{"name":"(anonymous_6)","decl":{"start":{"line":67,"column":29},"end":{"line":67,"column":30}},"loc":{"start":{"line":67,"column":48},"end":{"line":73,"column":17}},"line":67},"7":{"name":"(anonymous_7)","decl":{"start":{"line":77,"column":25},"end":{"line":77,"column":26}},"loc":{"start":{"line":77,"column":35},"end":{"line":89,"column":15}},"line":77},"8":{"name":"(anonymous_8)","decl":{"start":{"line":80,"column":33},"end":{"line":80,"column":34}},"loc":{"start":{"line":80,"column":52},"end":{"line":86,"column":21}},"line":80},"9":{"name":"(anonymous_9)","decl":{"start":{"line":95,"column":45},"end":{"line":95,"column":46}},"loc":{"start":{"line":95,"column":51},"end":{"line":95,"column":67}},"line":95}},"branchMap":{"0":{"loc":{"start":{"line":24,"column":4},"end":{"line":27,"column":5}},"type":"if","locations":[{"start":{"line":24,"column":4},"end":{"line":27,"column":5}},{"start":{},"end":{}}],"line":24},"1":{"loc":{"start":{"line":40,"column":6},"end":{"line":42,"column":7}},"type":"if","locations":[{"start":{"line":40,"column":6},"end":{"line":42,"column":7}},{"start":{},"end":{}}],"line":40},"2":{"loc":{"start":{"line":48,"column":2},"end":{"line":50,"column":3}},"type":"if","locations":[{"start":{"line":48,"column":2},"end":{"line":50,"column":3}},{"start":{},"end":{}}],"line":48},"3":{"loc":{"start":{"line":93,"column":9},"end":{"line":98,"column":16}},"type":"cond-expr","locations":[{"start":{"line":94,"column":12},"end":{"line":97,"column":13}},{"start":{"line":98,"column":12},"end":{"line":98,"column":16}}],"line":93},"4":{"loc":{"start":{"line":93,"column":9},"end":{"line":93,"column":52}},"type":"binary-expr","locations":[{"start":{"line":93,"column":9},"end":{"line":93,"column":15}},{"start":{"line":93,"column":19},"end":{"line":93,"column":52}}],"line":93}},"s":{"0":1,"1":11,"2":11,"3":11,"4":11,"5":11,"6":11,"7":11,"8":11,"9":11,"10":4,"11":4,"12":4,"13":11,"14":4,"15":4,"16":3,"17":2,"18":3,"19":2,"20":3,"21":1,"22":1,"23":11,"24":1,"25":10,"26":1,"27":60,"28":4,"29":24,"30":0},"f":{"0":11,"1":4,"2":4,"3":2,"4":2,"5":1,"6":60,"7":4,"8":24,"9":0},"b":{"0":[4,0],"1":[1,2],"2":[1,10],"3":[0,10],"4":[10,0]},"_coverageSchema":"1a1c01bbd47fc00a2c39e90264f33305004495a9","hash":"7a2ce34be93e40012fe3021feb0f07bfb59a7b44"}
,"E:\\test-task\\vite-project\\vk-project\\src\\data\\columns.ts": {"path":"E:\\test-task\\vite-project\\vk-project\\src\\data\\columns.ts","statementMap":{"0":{"start":{"line":3,"column":46},"end":{"line":10,"column":1}}},"fnMap":{},"branchMap":{},"s":{"0":2},"f":{},"b":{},"_coverageSchema":"1a1c01bbd47fc00a2c39e90264f33305004495a9","hash":"3bffe344c9b8074cc3e3a9bacfa84f16bf724b4c"}
,"E:\\test-task\\vite-project\\vk-project\\src\\types\\user.ts": {"path":"E:\\test-task\\vite-project\\vk-project\\src\\types\\user.ts","statementMap":{},"fnMap":{},"branchMap":{},"s":{},"f":{},"b":{}}
,"E:\\test-task\\vite-project\\vk-project\\src\\types\\valid.ts": {"path":"E:\\test-task\\vite-project\\vk-project\\src\\types\\valid.ts","statementMap":{},"fnMap":{},"branchMap":{},"s":{},"f":{},"b":{}}
}
