TN:
SF:src\App.tsx
FN:3,App
FNF:1
FNH:0
FNDA:0,App
DA:4,0
LF:1
LH:0
BRF:0
BRH:0
end_of_record
TN:
SF:src\vite-env.d.ts
FNF:0
FNH:0
LF:0
LH:0
BRF:0
BRH:0
end_of_record
TN:
SF:src\components\Form\Form.tsx
FN:13,(anonymous_0)
FN:25,(anonymous_1)
FN:34,(anonymous_2)
FN:48,(anonymous_3)
FNF:4
FNH:4
FNDA:5,(anonymous_0)
FNDA:2,(anonymous_1)
FNDA:1,(anonymous_2)
FNDA:30,(anonymous_3)
DA:13,2
DA:18,5
DA:20,5
DA:21,5
DA:23,5
DA:25,5
DA:26,2
DA:27,2
DA:29,2
DA:30,2
DA:32,0
DA:34,2
DA:35,1
DA:36,1
DA:41,5
DA:49,30
LF:16
LH:15
BRDA:23,0,0,0
BRDA:23,0,1,5
BRDA:61,1,0,20
BRDA:61,1,1,10
BRDA:69,2,0,5
BRDA:69,2,1,25
BRDA:77,3,0,5
BRDA:77,3,1,25
BRDA:87,4,0,30
BRDA:87,4,1,0
BRDA:100,5,0,2
BRDA:100,5,1,3
BRDA:105,6,0,5
BRDA:105,6,1,1
BRF:14
BRH:12
end_of_record
TN:
SF:src\components\Form\validFormInformation.ts
FNF:0
FNH:0
DA:3,2
LF:1
LH:1
BRF:0
BRH:0
end_of_record
TN:
SF:src\components\Table\Table.tsx
FN:11,(anonymous_0)
FN:23,(anonymous_1)
FN:30,(anonymous_2)
FN:38,(anonymous_3)
FN:39,(anonymous_4)
FN:55,(anonymous_5)
FN:67,(anonymous_6)
FN:77,(anonymous_7)
FN:80,(anonymous_8)
FN:95,(anonymous_9)
FNF:10
FNH:9
FNDA:11,(anonymous_0)
FNDA:4,(anonymous_1)
FNDA:4,(anonymous_2)
FNDA:2,(anonymous_3)
FNDA:2,(anonymous_4)
FNDA:1,(anonymous_5)
FNDA:60,(anonymous_6)
FNDA:4,(anonymous_7)
FNDA:24,(anonymous_8)
FNDA:0,(anonymous_9)
DA:11,1
DA:12,11
DA:13,11
DA:14,11
DA:15,11
DA:16,11
DA:17,11
DA:20,11
DA:21,11
DA:23,11
DA:24,4
DA:25,4
DA:26,4
DA:30,11
DA:31,4
DA:32,4
DA:38,3
DA:39,3
DA:40,3
DA:41,1
DA:44,1
DA:48,11
DA:49,1
DA:51,10
DA:55,1
DA:68,60
DA:78,4
DA:81,24
DA:95,0
LF:29
LH:28
BRDA:24,0,0,4
BRDA:24,0,1,0
BRDA:40,1,0,1
BRDA:40,1,1,2
BRDA:48,2,0,1
BRDA:48,2,1,10
BRDA:93,3,0,0
BRDA:93,3,1,10
BRDA:93,4,0,10
BRDA:93,4,1,0
BRF:10
BRH:7
end_of_record
TN:
SF:src\data\columns.ts
FNF:0
FNH:0
DA:3,2
LF:1
LH:1
BRF:0
BRH:0
end_of_record
TN:
SF:src\types\user.ts
FNF:0
FNH:0
LF:0
LH:0
BRF:0
BRH:0
end_of_record
TN:
SF:src\types\valid.ts
FNF:0
FNH:0
LF:0
LH:0
BRF:0
BRH:0
end_of_record
